2023-04-02T10:10:05.813+02:00  INFO 15656 --- [main] c.s.e.item.domain.ItemRepositoryTest     : Starting ItemRepositoryTest using Java 17.0.6 with PID 15656 (started by maxro in C:\_development\switchfully\Order app\Eurder)
2023-04-02T10:10:05.821+02:00  INFO 15656 --- [main] c.s.e.item.domain.ItemRepositoryTest     : No active profile set, falling back to 1 default profile: "default"
2023-04-02T10:10:07.062+02:00  INFO 15656 --- [main] o.s.b.w.embedded.tomcat.TomcatWebServer  : Tomcat initialized with port(s): 0 (http)
2023-04-02T10:10:07.071+02:00  INFO 15656 --- [main] o.apache.catalina.core.StandardService   : Starting service [Tomcat]
2023-04-02T10:10:07.072+02:00  INFO 15656 --- [main] o.apache.catalina.core.StandardEngine    : Starting Servlet engine: [Apache Tomcat/10.1.7]
2023-04-02T10:10:07.181+02:00  INFO 15656 --- [main] o.a.c.c.C.[Tomcat].[localhost].[/]       : Initializing Spring embedded WebApplicationContext
2023-04-02T10:10:07.181+02:00  INFO 15656 --- [main] w.s.c.ServletWebServerApplicationContext : Root WebApplicationContext: initialization completed in 1154 ms
2023-04-02T10:10:08.384+02:00  INFO 15656 --- [main] o.s.b.w.embedded.tomcat.TomcatWebServer  : Tomcat started on port(s): 52640 (http) with context path ''
2023-04-02T10:10:08.393+02:00  INFO 15656 --- [main] c.s.e.item.domain.ItemRepositoryTest     : Started ItemRepositoryTest in 2.897 seconds (process running for 3.944)
2023-04-02T10:42:38.519+02:00  INFO 4412 --- [main] c.s.e.item.domain.ItemRepositoryTest     : Starting ItemRepositoryTest using Java 17.0.6 with PID 4412 (started by maxro in C:\_development\switchfully\Order app\Eurder)
2023-04-02T10:42:38.520+02:00  INFO 4412 --- [main] c.s.e.item.domain.ItemRepositoryTest     : No active profile set, falling back to 1 default profile: "default"
2023-04-02T10:42:39.708+02:00  INFO 4412 --- [main] o.s.b.w.embedded.tomcat.TomcatWebServer  : Tomcat initialized with port(s): 0 (http)
2023-04-02T10:42:39.718+02:00  INFO 4412 --- [main] o.apache.catalina.core.StandardService   : Starting service [Tomcat]
2023-04-02T10:42:39.718+02:00  INFO 4412 --- [main] o.apache.catalina.core.StandardEngine    : Starting Servlet engine: [Apache Tomcat/10.1.7]
2023-04-02T10:42:39.822+02:00  INFO 4412 --- [main] o.a.c.c.C.[Tomcat].[localhost].[/]       : Initializing Spring embedded WebApplicationContext
2023-04-02T10:42:39.822+02:00  INFO 4412 --- [main] w.s.c.ServletWebServerApplicationContext : Root WebApplicationContext: initialization completed in 1099 ms
2023-04-02T10:42:41.021+02:00  INFO 4412 --- [main] o.s.b.w.embedded.tomcat.TomcatWebServer  : Tomcat started on port(s): 52741 (http) with context path ''
2023-04-02T10:42:41.032+02:00  INFO 4412 --- [main] c.s.e.item.domain.ItemRepositoryTest     : Started ItemRepositoryTest in 2.808 seconds (process running for 3.903)
2023-04-02T10:44:50.962+02:00  INFO 9236 --- [main] c.s.e.item.domain.ItemRepositoryTest     : Starting ItemRepositoryTest using Java 17.0.6 with PID 9236 (started by maxro in C:\_development\switchfully\Order app\Eurder)
2023-04-02T10:44:50.964+02:00  INFO 9236 --- [main] c.s.e.item.domain.ItemRepositoryTest     : No active profile set, falling back to 1 default profile: "default"
2023-04-02T10:44:52.214+02:00  INFO 9236 --- [main] o.s.b.w.embedded.tomcat.TomcatWebServer  : Tomcat initialized with port(s): 0 (http)
2023-04-02T10:44:52.223+02:00  INFO 9236 --- [main] o.apache.catalina.core.StandardService   : Starting service [Tomcat]
2023-04-02T10:44:52.223+02:00  INFO 9236 --- [main] o.apache.catalina.core.StandardEngine    : Starting Servlet engine: [Apache Tomcat/10.1.7]
2023-04-02T10:44:52.329+02:00  INFO 9236 --- [main] o.a.c.c.C.[Tomcat].[localhost].[/]       : Initializing Spring embedded WebApplicationContext
2023-04-02T10:44:52.330+02:00  INFO 9236 --- [main] w.s.c.ServletWebServerApplicationContext : Root WebApplicationContext: initialization completed in 1163 ms
2023-04-02T10:44:53.532+02:00  INFO 9236 --- [main] o.s.b.w.embedded.tomcat.TomcatWebServer  : Tomcat started on port(s): 52753 (http) with context path ''
2023-04-02T10:44:53.543+02:00  INFO 9236 --- [main] c.s.e.item.domain.ItemRepositoryTest     : Started ItemRepositoryTest in 2.905 seconds (process running for 3.938)
2023-04-02T12:57:52.702+02:00  INFO 10040 --- [main] c.s.e.order.service.OrderServiceTest     : Starting OrderServiceTest using Java 17.0.6 with PID 10040 (started by maxro in C:\_development\switchfully\Order app\Eurder)
2023-04-02T12:57:52.704+02:00  INFO 10040 --- [main] c.s.e.order.service.OrderServiceTest     : No active profile set, falling back to 1 default profile: "default"
2023-04-02T12:57:53.829+02:00  INFO 10040 --- [main] o.s.b.w.embedded.tomcat.TomcatWebServer  : Tomcat initialized with port(s): 0 (http)
2023-04-02T12:57:53.838+02:00  INFO 10040 --- [main] o.apache.catalina.core.StandardService   : Starting service [Tomcat]
2023-04-02T12:57:53.843+02:00  INFO 10040 --- [main] o.apache.catalina.core.StandardEngine    : Starting Servlet engine: [Apache Tomcat/10.1.7]
2023-04-02T12:57:53.948+02:00  INFO 10040 --- [main] o.a.c.c.C.[Tomcat].[localhost].[/]       : Initializing Spring embedded WebApplicationContext
2023-04-02T12:57:53.948+02:00  INFO 10040 --- [main] w.s.c.ServletWebServerApplicationContext : Root WebApplicationContext: initialization completed in 1031 ms
2023-04-02T12:57:55.141+02:00  INFO 10040 --- [main] o.s.b.w.embedded.tomcat.TomcatWebServer  : Tomcat started on port(s): 52898 (http) with context path ''
2023-04-02T12:57:55.151+02:00  INFO 10040 --- [main] c.s.e.order.service.OrderServiceTest     : Started OrderServiceTest in 2.749 seconds (process running for 3.977)
2023-04-02T12:57:55.665+02:00  INFO 10040 --- [main] t.c.s.AnnotationConfigContextLoaderUtils : Could not detect default configuration classes for test class [com.switchfully.eurder.item.domain.ItemRepositoryTest]: ItemRepositoryTest does not declare any static, non-private, non-final, nested classes annotated with @Configuration.
2023-04-02T12:57:55.679+02:00  INFO 10040 --- [main] .b.t.c.SpringBootTestContextBootstrapper : Found @SpringBootConfiguration com.switchfully.eurder.EurderApplication for test class com.switchfully.eurder.item.domain.ItemRepositoryTest
2023-04-02T12:57:55.713+02:00  INFO 10040 --- [main] t.c.s.AnnotationConfigContextLoaderUtils : Could not detect default configuration classes for test class [com.switchfully.eurder.order.domain.OrderRepositoryTest]: OrderRepositoryTest does not declare any static, non-private, non-final, nested classes annotated with @Configuration.
2023-04-02T12:57:55.726+02:00  INFO 10040 --- [main] .b.t.c.SpringBootTestContextBootstrapper : Found @SpringBootConfiguration com.switchfully.eurder.EurderApplication for test class com.switchfully.eurder.order.domain.OrderRepositoryTest
2023-04-02T12:57:55.758+02:00  INFO 10040 --- [main] t.c.s.AnnotationConfigContextLoaderUtils : Could not detect default configuration classes for test class [com.switchfully.eurder.EurderApplicationTests]: EurderApplicationTests does not declare any static, non-private, non-final, nested classes annotated with @Configuration.
2023-04-02T12:57:55.768+02:00  INFO 10040 --- [main] .b.t.c.SpringBootTestContextBootstrapper : Found @SpringBootConfiguration com.switchfully.eurder.EurderApplication for test class com.switchfully.eurder.EurderApplicationTests
2023-04-02T12:57:55.800+02:00  INFO 10040 --- [main] c.s.eurder.EurderApplicationTests        : Starting EurderApplicationTests using Java 17.0.6 with PID 10040 (started by maxro in C:\_development\switchfully\Order app\Eurder)
2023-04-02T12:57:55.801+02:00  INFO 10040 --- [main] c.s.eurder.EurderApplicationTests        : No active profile set, falling back to 1 default profile: "default"
2023-04-02T12:57:56.578+02:00  INFO 10040 --- [main] c.s.eurder.EurderApplicationTests        : Started EurderApplicationTests in 0.8 seconds (process running for 5.405)
2023-04-02T12:57:56.616+02:00  INFO 10040 --- [main] t.c.s.AnnotationConfigContextLoaderUtils : Could not detect default configuration classes for test class [com.switchfully.eurder.user.domain.UserRepositoryTest]: UserRepositoryTest does not declare any static, non-private, non-final, nested classes annotated with @Configuration.
2023-04-02T12:57:56.630+02:00  INFO 10040 --- [main] .b.t.c.SpringBootTestContextBootstrapper : Found @SpringBootConfiguration com.switchfully.eurder.EurderApplication for test class com.switchfully.eurder.user.domain.UserRepositoryTest
2023-04-02T13:01:25.964+02:00  INFO 20080 --- [main] c.s.e.order.service.OrderServiceTest     : Starting OrderServiceTest using Java 17.0.6 with PID 20080 (started by maxro in C:\_development\switchfully\Order app\Eurder)
2023-04-02T13:01:25.967+02:00  INFO 20080 --- [main] c.s.e.order.service.OrderServiceTest     : No active profile set, falling back to 1 default profile: "default"
2023-04-02T13:01:27.137+02:00  INFO 20080 --- [main] o.s.b.w.embedded.tomcat.TomcatWebServer  : Tomcat initialized with port(s): 0 (http)
2023-04-02T13:01:27.147+02:00  INFO 20080 --- [main] o.apache.catalina.core.StandardService   : Starting service [Tomcat]
2023-04-02T13:01:27.148+02:00  INFO 20080 --- [main] o.apache.catalina.core.StandardEngine    : Starting Servlet engine: [Apache Tomcat/10.1.7]
2023-04-02T13:01:27.260+02:00  INFO 20080 --- [main] o.a.c.c.C.[Tomcat].[localhost].[/]       : Initializing Spring embedded WebApplicationContext
2023-04-02T13:01:27.261+02:00  INFO 20080 --- [main] w.s.c.ServletWebServerApplicationContext : Root WebApplicationContext: initialization completed in 1074 ms
2023-04-02T13:01:28.524+02:00  INFO 20080 --- [main] o.s.b.w.embedded.tomcat.TomcatWebServer  : Tomcat started on port(s): 52935 (http) with context path ''
2023-04-02T13:01:28.534+02:00  INFO 20080 --- [main] c.s.e.order.service.OrderServiceTest     : Started OrderServiceTest in 2.873 seconds (process running for 4.212)
2023-04-02T13:01:29.029+02:00  INFO 20080 --- [main] t.c.s.AnnotationConfigContextLoaderUtils : Could not detect default configuration classes for test class [com.switchfully.eurder.item.domain.ItemRepositoryTest]: ItemRepositoryTest does not declare any static, non-private, non-final, nested classes annotated with @Configuration.
2023-04-02T13:01:29.044+02:00  INFO 20080 --- [main] .b.t.c.SpringBootTestContextBootstrapper : Found @SpringBootConfiguration com.switchfully.eurder.EurderApplication for test class com.switchfully.eurder.item.domain.ItemRepositoryTest
2023-04-02T13:01:29.073+02:00  INFO 20080 --- [main] t.c.s.AnnotationConfigContextLoaderUtils : Could not detect default configuration classes for test class [com.switchfully.eurder.order.domain.OrderRepositoryTest]: OrderRepositoryTest does not declare any static, non-private, non-final, nested classes annotated with @Configuration.
2023-04-02T13:01:29.087+02:00  INFO 20080 --- [main] .b.t.c.SpringBootTestContextBootstrapper : Found @SpringBootConfiguration com.switchfully.eurder.EurderApplication for test class com.switchfully.eurder.order.domain.OrderRepositoryTest
2023-04-02T13:01:29.116+02:00  INFO 20080 --- [main] t.c.s.AnnotationConfigContextLoaderUtils : Could not detect default configuration classes for test class [com.switchfully.eurder.EurderApplicationTests]: EurderApplicationTests does not declare any static, non-private, non-final, nested classes annotated with @Configuration.
2023-04-02T13:01:29.123+02:00  INFO 20080 --- [main] .b.t.c.SpringBootTestContextBootstrapper : Found @SpringBootConfiguration com.switchfully.eurder.EurderApplication for test class com.switchfully.eurder.EurderApplicationTests
2023-04-02T13:01:29.151+02:00  INFO 20080 --- [main] c.s.eurder.EurderApplicationTests        : Starting EurderApplicationTests using Java 17.0.6 with PID 20080 (started by maxro in C:\_development\switchfully\Order app\Eurder)
2023-04-02T13:01:29.151+02:00  INFO 20080 --- [main] c.s.eurder.EurderApplicationTests        : No active profile set, falling back to 1 default profile: "default"
2023-04-02T13:01:29.926+02:00  INFO 20080 --- [main] c.s.eurder.EurderApplicationTests        : Started EurderApplicationTests in 0.795 seconds (process running for 5.604)
2023-04-02T13:01:29.962+02:00  INFO 20080 --- [main] t.c.s.AnnotationConfigContextLoaderUtils : Could not detect default configuration classes for test class [com.switchfully.eurder.user.domain.UserRepositoryTest]: UserRepositoryTest does not declare any static, non-private, non-final, nested classes annotated with @Configuration.
2023-04-02T13:01:29.976+02:00  INFO 20080 --- [main] .b.t.c.SpringBootTestContextBootstrapper : Found @SpringBootConfiguration com.switchfully.eurder.EurderApplication for test class com.switchfully.eurder.user.domain.UserRepositoryTest
